Migrating to CreateArticles (20120902000602)
Migrating to CreateUsers (20120902000731)
Migrating to CreateComments (20120902163624)
Migrating to AddArticleIdToComments (20120902170814)
Migrating to CreateArticles (20120902000602)
Migrating to CreateUsers (20120902000731)
Migrating to CreateComments (20120902163624)
Migrating to AddArticleIdToComments (20120902170814)
Compiled jquery.js  (5ms)  (pid 28018)
Compiled jquery_ujs.js  (26ms)  (pid 28018)
Compiled advanced.js  (0ms)  (pid 28018)
Compiled articles.js  (148ms)  (pid 28018)
Compiled author_sessions.js  (143ms)  (pid 28018)
Compiled authors.js  (168ms)  (pid 28018)
Compiled bootstrap.js  (0ms)  (pid 28018)
Compiled categories.js  (192ms)  (pid 28018)
Compiled sessions.js  (131ms)  (pid 28018)
Compiled user_session.js  (145ms)  (pid 28018)
Compiled users.js  (132ms)  (pid 28018)
Compiled wysihtml5-0.3.0.js  (3ms)  (pid 28018)
Compiled application.js  (1186ms)  (pid 28018)
Compiled articles.css  (15ms)  (pid 28018)
Compiled author_sessions.css  (1ms)  (pid 28018)
Compiled authors.css  (0ms)  (pid 28018)
Compiled bootstrap.css  (0ms)  (pid 28018)
Compiled categories.css  (23ms)  (pid 28018)
Compiled scaffolds.css  (0ms)  (pid 28018)
Compiled sessions.css  (1ms)  (pid 28018)
Compiled user_session.css  (1ms)  (pid 28018)
Compiled users.css  (1ms)  (pid 28018)
Compiled application.css  (81ms)  (pid 28018)
Compiled jquery.js  (5ms)  (pid 29700)
Compiled jquery_ujs.js  (0ms)  (pid 29700)
Compiled advanced.js  (0ms)  (pid 29700)
Compiled articles.js  (193ms)  (pid 29700)
Compiled author_sessions.js  (167ms)  (pid 29700)
Compiled authors.js  (169ms)  (pid 29700)
Compiled bootstrap.js  (0ms)  (pid 29700)
Compiled categories.js  (201ms)  (pid 29700)
Compiled sessions.js  (166ms)  (pid 29700)
Compiled user_session.js  (166ms)  (pid 29700)
Compiled users.js  (171ms)  (pid 29700)
Compiled wysihtml5-0.3.0.js  (3ms)  (pid 29700)
Compiled application.js  (1364ms)  (pid 29700)
Compiled articles.css  (17ms)  (pid 29700)
Compiled author_sessions.css  (1ms)  (pid 29700)
Compiled authors.css  (1ms)  (pid 29700)
Compiled bootstrap.css  (0ms)  (pid 29700)
Compiled categories.css  (1ms)  (pid 29700)
Compiled scaffolds.css  (0ms)  (pid 29700)
Compiled sessions.css  (1ms)  (pid 29700)
Compiled user_session.css  (1ms)  (pid 29700)
Compiled users.css  (1ms)  (pid 29700)
Compiled application.css  (88ms)  (pid 29700)
Migrating to CreateArticles (20120902000602)
Migrating to CreateUsers (20120902000731)
Migrating to CreateComments (20120902163624)
Migrating to AddArticleIdToComments (20120902170814)
Migrating to CreateArticles (20120902000602)
Migrating to CreateUsers (20120902000731)
Migrating to CreateComments (20120902163624)
Migrating to CreateAuthors (20120903003844)
Migrating to DropUsers (20120903025450)
Migrating to SorceryCore (20120903025917)
Migrating to SorceryRememberMe (20120903025918)
Migrating to AddPhotoExtensionToArticle (20120906131311)
Migrating to CreateCategories (20120907164637)
Migrating to CreateCategorizations (20120907164731)
Migrating to CreateSlugs (20120916235333)
Migrating to AddCachedSlugToArticles (20120916235549)
Migrating to AddSlugToCategories (20120917001835)
Migrating to CreateArticles (20120902000602)
Migrating to CreateUsers (20120902000731)
Migrating to CreateComments (20120902163624)
Migrating to CreateAuthors (20120903003844)
Migrating to DropUsers (20120903025450)
Migrating to SorceryCore (20120903025917)
Migrating to SorceryRememberMe (20120903025918)
Migrating to AddPhotoExtensionToArticle (20120906131311)
Migrating to CreateCategories (20120907164637)
Migrating to CreateCategorizations (20120907164731)
Migrating to CreateSlugs (20120916235333)
Migrating to AddCachedSlugToArticles (20120916235549)
Migrating to AddSlugToCategories (20120917001835)
Compiled jquery.js  (3ms)  (pid 32476)
Compiled jquery_ujs.js  (0ms)  (pid 32476)
Compiled advanced.js  (0ms)  (pid 32476)
Compiled articles.js  (140ms)  (pid 32476)
Compiled author_sessions.js  (140ms)  (pid 32476)
Compiled authors.js  (124ms)  (pid 32476)
Compiled bootstrap.js  (0ms)  (pid 32476)
Compiled categories.js  (147ms)  (pid 32476)
Compiled sessions.js  (120ms)  (pid 32476)
Compiled user_session.js  (124ms)  (pid 32476)
Compiled users.js  (125ms)  (pid 32476)
Compiled wysihtml5-0.3.0.js  (2ms)  (pid 32476)
Compiled application.js  (1039ms)  (pid 32476)
Compiled articles.css  (20ms)  (pid 32476)
Compiled author_sessions.css  (1ms)  (pid 32476)
Compiled authors.css  (1ms)  (pid 32476)
Compiled bootstrap.css  (0ms)  (pid 32476)
Compiled categories.css  (1ms)  (pid 32476)
Compiled scaffolds.css  (1ms)  (pid 32476)
Compiled sessions.css  (0ms)  (pid 32476)
Compiled user_session.css  (0ms)  (pid 32476)
Compiled users.css  (0ms)  (pid 32476)
Compiled application.css  (91ms)  (pid 32476)
Migrating to CreateArticles (20120902000602)
Migrating to CreateUsers (20120902000731)
Migrating to CreateComments (20120902163624)
Migrating to CreateAuthors (20120903003844)
Migrating to DropUsers (20120903025450)
Migrating to SorceryCore (20120903025917)
Migrating to SorceryRememberMe (20120903025918)
Migrating to AddPhotoExtensionToArticle (20120906131311)
Migrating to CreateCategories (20120907164637)
Migrating to CreateCategorizations (20120907164731)
Migrating to CreateSlugs (20120916235333)
Migrating to AddCachedSlugToArticles (20120916235549)
Migrating to AddSlugToCategories (20120917001835)
Migrating to AddAboutToUsers (20120918184940)
Compiled jquery.js  (3ms)  (pid 14286)
Compiled jquery_ujs.js  (0ms)  (pid 14286)
Compiled advanced.js  (0ms)  (pid 14286)
Compiled articles.js  (130ms)  (pid 14286)
Compiled author_sessions.js  (122ms)  (pid 14286)
Compiled authors.js  (150ms)  (pid 14286)
Compiled bootstrap.js  (0ms)  (pid 14286)
Compiled categories.js  (118ms)  (pid 14286)
Compiled sessions.js  (149ms)  (pid 14286)
Compiled user_session.js  (187ms)  (pid 14286)
Compiled users.js  (123ms)  (pid 14286)
Compiled wysihtml5-0.3.0.js  (3ms)  (pid 14286)
Compiled application.js  (1107ms)  (pid 14286)
Compiled app.css  (23ms)  (pid 14286)
Compiled articles.css  (25ms)  (pid 14286)
Compiled author_sessions.css  (1ms)  (pid 14286)
Compiled authors.css  (0ms)  (pid 14286)
Compiled categories.css  (0ms)  (pid 14286)
Compiled scaffolds.css  (0ms)  (pid 14286)
Compiled sessions.css  (1ms)  (pid 14286)
Compiled user_session.css  (0ms)  (pid 14286)
Compiled users.css  (0ms)  (pid 14286)
Compiled application.css  (106ms)  (pid 14286)
Compiled jquery.js  (25ms)  (pid 15667)
Compiled jquery_ujs.js  (0ms)  (pid 15667)
Compiled advanced.js  (0ms)  (pid 15667)
Compiled articles.js  (136ms)  (pid 15667)
Compiled author_sessions.js  (130ms)  (pid 15667)
Compiled authors.js  (131ms)  (pid 15667)
Compiled bootstrap.js  (0ms)  (pid 15667)
Compiled categories.js  (139ms)  (pid 15667)
Compiled sessions.js  (177ms)  (pid 15667)
Compiled user_session.js  (148ms)  (pid 15667)
Compiled users.js  (179ms)  (pid 15667)
Compiled wysihtml5-0.3.0.js  (2ms)  (pid 15667)
Compiled application.js  (1179ms)  (pid 15667)
Compiled app.css  (26ms)  (pid 15667)
Compiled articles.css  (25ms)  (pid 15667)
Compiled author_sessions.css  (0ms)  (pid 15667)
Compiled authors.css  (0ms)  (pid 15667)
Compiled categories.css  (0ms)  (pid 15667)
Compiled page.css  (6ms)  (pid 15667)
Compiled scaffolds.css  (24ms)  (pid 15667)
Compiled sessions.css  (1ms)  (pid 15667)
Compiled user_session.css  (0ms)  (pid 15667)
Compiled users.css  (0ms)  (pid 15667)
Compiled application.css  (121ms)  (pid 15667)
